Analysis & Synthesis report for Pong-on-fpga
Thu Jul 17 14:34:43 2025
Quartus Prime Version 24.1std.0 Build 1077 03/04/2025 SC Lite Edition


---------------------
; Table of Contents ;
---------------------
  1. Legal Notice
  2. Analysis & Synthesis Summary
  3. Analysis & Synthesis Settings
  4. Parallel Compilation
  5. Analysis & Synthesis Messages



----------------
; Legal Notice ;
----------------
Copyright (C) 2025  Altera Corporation. All rights reserved.
Your use of Altera Corporation's design tools, logic functions 
and other software and tools, and any partner logic 
functions, and any output files from any of the foregoing 
(including device programming or simulation files), and any 
associated documentation or information are expressly subject 
to the terms and conditions of the Altera Program License 
Subscription Agreement, the Altera Quartus Prime License Agreement,
the Altera IP License Agreement, or other applicable license
agreement, including, without limitation, that your use is for
the sole purpose of programming logic devices manufactured by
Altera and sold by Altera or its authorized distributors.  Please
refer to the Altera Software License Subscription Agreements 
on the Quartus Prime software download page.



+--------------------------------------------------------------------------------------+
; Analysis & Synthesis Summary                                                         ;
+------------------------------------+-------------------------------------------------+
; Analysis & Synthesis Status        ; Failed - Thu Jul 17 14:34:43 2025               ;
; Quartus Prime Version              ; 24.1std.0 Build 1077 03/04/2025 SC Lite Edition ;
; Revision Name                      ; Pong-on-fpga                                    ;
; Top-level Entity Name              ; main                                            ;
; Family                             ; Cyclone IV E                                    ;
; Total logic elements               ; N/A until Partition Merge                       ;
;     Total combinational functions  ; N/A until Partition Merge                       ;
;     Dedicated logic registers      ; N/A until Partition Merge                       ;
; Total registers                    ; N/A until Partition Merge                       ;
; Total pins                         ; N/A until Partition Merge                       ;
; Total virtual pins                 ; N/A until Partition Merge                       ;
; Total memory bits                  ; N/A until Partition Merge                       ;
; Embedded Multiplier 9-bit elements ; N/A until Partition Merge                       ;
; Total PLLs                         ; N/A until Partition Merge                       ;
+------------------------------------+-------------------------------------------------+


+------------------------------------------------------------------------------------------------------------+
; Analysis & Synthesis Settings                                                                              ;
+------------------------------------------------------------------+--------------------+--------------------+
; Option                                                           ; Setting            ; Default Value      ;
+------------------------------------------------------------------+--------------------+--------------------+
; Device                                                           ; EP4CE30F23C7       ;                    ;
; Top-level entity name                                            ; main               ; Pong-on-fpga       ;
; Family name                                                      ; Cyclone IV E       ; Cyclone V          ;
; Use smart compilation                                            ; Off                ; Off                ;
; Enable parallel Assembler and Timing Analyzer during compilation ; On                 ; On                 ;
; Enable compact report table                                      ; Off                ; Off                ;
; Restructure Multiplexers                                         ; Auto               ; Auto               ;
; Create Debugging Nodes for IP Cores                              ; Off                ; Off                ;
; Preserve fewer node names                                        ; On                 ; On                 ;
; Intel FPGA IP Evaluation Mode                                    ; Enable             ; Enable             ;
; Verilog Version                                                  ; Verilog_2001       ; Verilog_2001       ;
; VHDL Version                                                     ; VHDL_1993          ; VHDL_1993          ;
; State Machine Processing                                         ; Auto               ; Auto               ;
; Safe State Machine                                               ; Off                ; Off                ;
; Extract Verilog State Machines                                   ; On                 ; On                 ;
; Extract VHDL State Machines                                      ; On                 ; On                 ;
; Ignore Verilog initial constructs                                ; Off                ; Off                ;
; Iteration limit for constant Verilog loops                       ; 5000               ; 5000               ;
; Iteration limit for non-constant Verilog loops                   ; 250                ; 250                ;
; Add Pass-Through Logic to Inferred RAMs                          ; On                 ; On                 ;
; Infer RAMs from Raw Logic                                        ; On                 ; On                 ;
; Parallel Synthesis                                               ; On                 ; On                 ;
; DSP Block Balancing                                              ; Auto               ; Auto               ;
; NOT Gate Push-Back                                               ; On                 ; On                 ;
; Power-Up Don't Care                                              ; On                 ; On                 ;
; Remove Redundant Logic Cells                                     ; Off                ; Off                ;
; Remove Duplicate Registers                                       ; On                 ; On                 ;
; Ignore CARRY Buffers                                             ; Off                ; Off                ;
; Ignore CASCADE Buffers                                           ; Off                ; Off                ;
; Ignore GLOBAL Buffers                                            ; Off                ; Off                ;
; Ignore ROW GLOBAL Buffers                                        ; Off                ; Off                ;
; Ignore LCELL Buffers                                             ; Off                ; Off                ;
; Ignore SOFT Buffers                                              ; On                 ; On                 ;
; Limit AHDL Integers to 32 Bits                                   ; Off                ; Off                ;
; Optimization Technique                                           ; Balanced           ; Balanced           ;
; Carry Chain Length                                               ; 70                 ; 70                 ;
; Auto Carry Chains                                                ; On                 ; On                 ;
; Auto Open-Drain Pins                                             ; On                 ; On                 ;
; Perform WYSIWYG Primitive Resynthesis                            ; Off                ; Off                ;
; Auto ROM Replacement                                             ; On                 ; On                 ;
; Auto RAM Replacement                                             ; On                 ; On                 ;
; Auto DSP Block Replacement                                       ; On                 ; On                 ;
; Auto Shift Register Replacement                                  ; Auto               ; Auto               ;
; Allow Shift Register Merging across Hierarchies                  ; Auto               ; Auto               ;
; Auto Clock Enable Replacement                                    ; On                 ; On                 ;
; Strict RAM Replacement                                           ; Off                ; Off                ;
; Allow Synchronous Control Signals                                ; On                 ; On                 ;
; Force Use of Synchronous Clear Signals                           ; Off                ; Off                ;
; Auto RAM Block Balancing                                         ; On                 ; On                 ;
; Auto RAM to Logic Cell Conversion                                ; Off                ; Off                ;
; Auto Resource Sharing                                            ; Off                ; Off                ;
; Allow Any RAM Size For Recognition                               ; Off                ; Off                ;
; Allow Any ROM Size For Recognition                               ; Off                ; Off                ;
; Allow Any Shift Register Size For Recognition                    ; Off                ; Off                ;
; Use LogicLock Constraints during Resource Balancing              ; On                 ; On                 ;
; Ignore translate_off and synthesis_off directives                ; Off                ; Off                ;
; Timing-Driven Synthesis                                          ; On                 ; On                 ;
; Report Parameter Settings                                        ; On                 ; On                 ;
; Report Source Assignments                                        ; On                 ; On                 ;
; Report Connectivity Checks                                       ; On                 ; On                 ;
; Ignore Maximum Fan-Out Assignments                               ; Off                ; Off                ;
; Synchronization Register Chain Length                            ; 2                  ; 2                  ;
; Power Optimization During Synthesis                              ; Normal compilation ; Normal compilation ;
; HDL message level                                                ; Level2             ; Level2             ;
; Suppress Register Optimization Related Messages                  ; Off                ; Off                ;
; Number of Removed Registers Reported in Synthesis Report         ; 5000               ; 5000               ;
; Number of Swept Nodes Reported in Synthesis Report               ; 5000               ; 5000               ;
; Number of Inverted Registers Reported in Synthesis Report        ; 100                ; 100                ;
; Clock MUX Protection                                             ; On                 ; On                 ;
; Auto Gated Clock Conversion                                      ; Off                ; Off                ;
; Block Design Naming                                              ; Auto               ; Auto               ;
; SDC constraint protection                                        ; Off                ; Off                ;
; Synthesis Effort                                                 ; Auto               ; Auto               ;
; Shift Register Replacement - Allow Asynchronous Clear Signal     ; On                 ; On                 ;
; Pre-Mapping Resynthesis Optimization                             ; Off                ; Off                ;
; Analysis & Synthesis Message Level                               ; Medium             ; Medium             ;
; Disable Register Merging Across Hierarchies                      ; Auto               ; Auto               ;
; Resource Aware Inference For Block RAM                           ; On                 ; On                 ;
+------------------------------------------------------------------+--------------------+--------------------+


+------------------------------------------+
; Parallel Compilation                     ;
+----------------------------+-------------+
; Processors                 ; Number      ;
+----------------------------+-------------+
; Number detected on machine ; 8           ;
; Maximum allowed            ; 4           ;
;                            ;             ;
; Average used               ; 1.00        ;
; Maximum used               ; 1           ;
;                            ;             ;
; Usage by Processor         ; % Time Used ;
;     Processor 1            ; 100.0%      ;
+----------------------------+-------------+


+-------------------------------+
; Analysis & Synthesis Messages ;
+-------------------------------+
Info: *******************************************************************
Info: Running Quartus Prime Analysis & Synthesis
    Info: Version 24.1std.0 Build 1077 03/04/2025 SC Lite Edition
    Info: Processing started: Thu Jul 17 14:34:36 2025
Info: Command: quartus_map --read_settings_files=on --write_settings_files=off Pong-on-fpga -c Pong-on-fpga
Warning (18236): Number of processors has not been specified which may cause overloading on shared machines.  Set the global assignment NUM_PARALLEL_PROCESSORS in your QSF to an appropriate value for best performance.
Info (20030): Parallel compilation is enabled and will use 4 of the 4 processors detected
Info (12021): Found 1 design units, including 1 entities, in source file aux_modules/comp_3b.v
    Info (12023): Found entity 1: comp_3b File: /home/kake/Documentos/jogo-pong/aux_modules/comp_3b.v Line: 1
Info (12021): Found 1 design units, including 1 entities, in source file aux_modules/count_3b.v
    Info (12023): Found entity 1: count_3b File: /home/kake/Documentos/jogo-pong/aux_modules/count_3b.v Line: 1
Info (12021): Found 1 design units, including 1 entities, in source file aux_modules/shift_register_7b.v
    Info (12023): Found entity 1: shift_register_7b File: /home/kake/Documentos/jogo-pong/aux_modules/shift_register_7b.v Line: 1
Info (12021): Found 1 design units, including 1 entities, in source file aux_modules/dbouncer.v
    Info (12023): Found entity 1: dbouncer File: /home/kake/Documentos/jogo-pong/aux_modules/dbouncer.v Line: 1
Info (12021): Found 1 design units, including 1 entities, in source file aux_modules/divisor_de_frequencia.v
    Info (12023): Found entity 1: divisor_de_frequencia File: /home/kake/Documentos/jogo-pong/aux_modules/divisor_de_frequencia.v Line: 1
Info (12021): Found 1 design units, including 1 entities, in source file aux_modules/shift_register.v
    Info (12023): Found entity 1: shift_register File: /home/kake/Documentos/jogo-pong/aux_modules/shift_register.v Line: 1
Info (12021): Found 1 design units, including 1 entities, in source file aux_modules/mux.v
    Info (12023): Found entity 1: amux File: /home/kake/Documentos/jogo-pong/aux_modules/mux.v Line: 1
Info (12021): Found 1 design units, including 1 entities, in source file aux_modules/flip_t.v
    Info (12023): Found entity 1: flip_t File: /home/kake/Documentos/jogo-pong/aux_modules/flip_t.v Line: 1
Info (12021): Found 1 design units, including 1 entities, in source file aux_modules/flip_d.v
    Info (12023): Found entity 1: flip_d File: /home/kake/Documentos/jogo-pong/aux_modules/flip_d.v Line: 1
Warning (10229): Verilog HDL Expression warning at main.v(237): truncated literal to match 1 bits File: /home/kake/Documentos/jogo-pong/main.v Line: 237
Warning (10229): Verilog HDL Expression warning at main.v(240): truncated literal to match 1 bits File: /home/kake/Documentos/jogo-pong/main.v Line: 240
Info (12021): Found 1 design units, including 1 entities, in source file main.v
    Info (12023): Found entity 1: main File: /home/kake/Documentos/jogo-pong/main.v Line: 1
Info (12021): Found 1 design units, including 1 entities, in source file aux_modules/matriz.v
    Info (12023): Found entity 1: matriz File: /home/kake/Documentos/jogo-pong/aux_modules/matriz.v Line: 1
Info (12127): Elaborating entity "main" for the top level hierarchy
Warning (10036): Verilog HDL or VHDL warning at main.v(23): object "rst_y" assigned a value but never read File: /home/kake/Documentos/jogo-pong/main.v Line: 23
Warning (10858): Verilog HDL warning at main.v(25): object bol_pos_y used but never assigned File: /home/kake/Documentos/jogo-pong/main.v Line: 25
Warning (10036): Verilog HDL or VHDL warning at main.v(103): object "clk_to_count" assigned a value but never read File: /home/kake/Documentos/jogo-pong/main.v Line: 103
Warning (10230): Verilog HDL assignment warning at main.v(147): truncated value with size 32 to match size of target (7) File: /home/kake/Documentos/jogo-pong/main.v Line: 147
Warning (10230): Verilog HDL assignment warning at main.v(194): truncated value with size 32 to match size of target (2) File: /home/kake/Documentos/jogo-pong/main.v Line: 194
Warning (10230): Verilog HDL assignment warning at main.v(196): truncated value with size 32 to match size of target (2) File: /home/kake/Documentos/jogo-pong/main.v Line: 196
Warning (10230): Verilog HDL assignment warning at main.v(243): truncated value with size 32 to match size of target (3) File: /home/kake/Documentos/jogo-pong/main.v Line: 243
Warning (10034): Output port "display0" at main.v(18) has no driver File: /home/kake/Documentos/jogo-pong/main.v Line: 18
Warning (10034): Output port "display1" at main.v(18) has no driver File: /home/kake/Documentos/jogo-pong/main.v Line: 18
Info (10041): Inferred latch for "inc_x" at main.v(115) File: /home/kake/Documentos/jogo-pong/main.v Line: 115
Info (10041): Inferred latch for "sentido" at main.v(81) File: /home/kake/Documentos/jogo-pong/main.v Line: 81
Error (10028): Can't resolve multiple constant drivers for net "colunas[4]" at main.v(168) File: /home/kake/Documentos/jogo-pong/main.v Line: 168
Error (10029): Constant driver at main.v(135) File: /home/kake/Documentos/jogo-pong/main.v Line: 135
Error (10028): Can't resolve multiple constant drivers for net "colunas[3]" at main.v(168) File: /home/kake/Documentos/jogo-pong/main.v Line: 168
Error (10028): Can't resolve multiple constant drivers for net "colunas[2]" at main.v(168) File: /home/kake/Documentos/jogo-pong/main.v Line: 168
Error (10028): Can't resolve multiple constant drivers for net "colunas[1]" at main.v(168) File: /home/kake/Documentos/jogo-pong/main.v Line: 168
Error (10028): Can't resolve multiple constant drivers for net "colunas[0]" at main.v(168) File: /home/kake/Documentos/jogo-pong/main.v Line: 168
Error (10028): Can't resolve multiple constant drivers for net "linhas[7]" at main.v(168) File: /home/kake/Documentos/jogo-pong/main.v Line: 168
Error (10028): Can't resolve multiple constant drivers for net "linhas[6]" at main.v(168) File: /home/kake/Documentos/jogo-pong/main.v Line: 168
Error (10028): Can't resolve multiple constant drivers for net "linhas[5]" at main.v(168) File: /home/kake/Documentos/jogo-pong/main.v Line: 168
Error (10028): Can't resolve multiple constant drivers for net "linhas[4]" at main.v(168) File: /home/kake/Documentos/jogo-pong/main.v Line: 168
Error (10028): Can't resolve multiple constant drivers for net "linhas[3]" at main.v(168) File: /home/kake/Documentos/jogo-pong/main.v Line: 168
Error (10028): Can't resolve multiple constant drivers for net "linhas[2]" at main.v(168) File: /home/kake/Documentos/jogo-pong/main.v Line: 168
Error (10028): Can't resolve multiple constant drivers for net "linhas[1]" at main.v(168) File: /home/kake/Documentos/jogo-pong/main.v Line: 168
Error (10028): Can't resolve multiple constant drivers for net "linhas[0]" at main.v(168) File: /home/kake/Documentos/jogo-pong/main.v Line: 168
Error (10028): Can't resolve multiple constant drivers for net "game_state[1]" at main.v(168) File: /home/kake/Documentos/jogo-pong/main.v Line: 168
Error (10028): Can't resolve multiple constant drivers for net "game_state[0]" at main.v(168) File: /home/kake/Documentos/jogo-pong/main.v Line: 168
Error (10028): Can't resolve multiple constant drivers for net "on_running_game" at main.v(168) File: /home/kake/Documentos/jogo-pong/main.v Line: 168
Error (12153): Can't elaborate top-level user hierarchy
Error: Quartus Prime Analysis & Synthesis was unsuccessful. 18 errors, 12 warnings
    Error: Peak virtual memory: 335 megabytes
    Error: Processing ended: Thu Jul 17 14:34:43 2025
    Error: Elapsed time: 00:00:07
    Error: Total CPU time (on all processors): 00:00:21


